  ModulePlayer.cpp
C:\Users\Raulsr4\Documents\Bomberman\Bomberman Project\Project_5_Solution\Source\ModulePlayer.cpp(104,58): warning C4244: 'argument': conversion from 'TYPE' to 'int', possible loss of data
          with
          [
              TYPE=float
          ]
C:\Users\Raulsr4\Documents\Bomberman\Bomberman Project\Project_5_Solution\Source\ModulePlayer.cpp(104,40): warning C4244: 'argument': conversion from 'TYPE' to 'int', possible loss of data
          with
          [
              TYPE=float
          ]
C:\Users\Raulsr4\Documents\Bomberman\Bomberman Project\Project_5_Solution\Source\ModulePlayer.cpp(105,58): warning C4244: 'argument': conversion from 'TYPE' to 'int', possible loss of data
          with
          [
              TYPE=float
          ]
C:\Users\Raulsr4\Documents\Bomberman\Bomberman Project\Project_5_Solution\Source\ModulePlayer.cpp(105,40): warning C4244: 'argument': conversion from 'TYPE' to 'int', possible loss of data
          with
          [
              TYPE=float
          ]
C:\Users\Raulsr4\Documents\Bomberman\Bomberman Project\Project_5_Solution\Source\ModulePlayer.cpp(106,58): warning C4244: 'argument': conversion from 'TYPE' to 'int', possible loss of data
          with
          [
              TYPE=float
          ]
C:\Users\Raulsr4\Documents\Bomberman\Bomberman Project\Project_5_Solution\Source\ModulePlayer.cpp(106,40): warning C4244: 'argument': conversion from 'TYPE' to 'int', possible loss of data
          with
          [
              TYPE=float
          ]
  Project_5_Solution.vcxproj -> C:\Users\Raulsr4\Documents\Bomberman\Bomberman Project\Debug\Bomberman.exe
